2025-05-30 13:05:10 - Arguments: 
2025-05-30 13:05:10 - Focused Workspace: 
2025-05-30 13:05:10 - Name: date
2025-05-30 13:05:38 - Arguments: 
2025-05-30 13:05:38 - Focused Workspace: 
2025-05-30 13:05:38 - Name: date
2025-05-30 13:07:26 - Arguments: 1
2025-05-30 13:07:26 - Arguments: I
2025-05-30 13:07:26 - Arguments: A
2025-05-30 13:07:26 - Arguments: V
2025-05-30 13:07:26 - Arguments: P
2025-05-30 13:07:26 - Arguments: M
2025-05-30 13:07:26 - Arguments: 7
2025-05-30 13:07:26 - Arguments: 9
2025-05-30 13:07:26 - Arguments: 5
2025-05-30 13:07:26 - Focused Workspace: 
2025-05-30 13:07:26 - Arguments: D
2025-05-30 13:07:26 - Arguments: G
2025-05-30 13:07:26 - Arguments: 3
2025-05-30 13:07:26 - Focused Workspace: 
2025-05-30 13:07:26 - Focused Workspace: 
2025-05-30 13:07:26 - Focused Workspace: 
2025-05-30 13:07:26 - Arguments: B
2025-05-30 13:07:26 - Focused Workspace: 
2025-05-30 13:07:26 - Arguments: O
2025-05-30 13:07:26 - Focused Workspace: 
2025-05-30 13:07:26 - Arguments: W
2025-05-30 13:07:26 - Arguments: E
2025-05-30 13:07:26 - Arguments: F
2025-05-30 13:07:26 - Arguments: U
2025-05-30 13:07:26 - Arguments: 10
2025-05-30 13:07:26 - Arguments: T
2025-05-30 13:07:26 - Name: space.V
2025-05-30 13:07:26 - Focused Workspace: 
2025-05-30 13:07:26 - Focused Workspace: 
2025-05-30 13:07:26 - Name: space.I
2025-05-30 13:07:26 - Focused Workspace: 
2025-05-30 13:07:26 - Name: space.1
2025-05-30 13:07:26 - Arguments: 8
2025-05-30 13:07:26 - Focused Workspace: 
2025-05-30 13:07:26 - Arguments: X
2025-05-30 13:07:26 - Arguments: Z
2025-05-30 13:07:26 - Name: space.A
2025-05-30 13:07:26 - Name: space.P
2025-05-30 13:07:26 - Focused Workspace: 
2025-05-30 13:07:26 - Focused Workspace: 
2025-05-30 13:07:26 - Focused Workspace: 
2025-05-30 13:07:26 - Focused Workspace: 
2025-05-30 13:07:26 - Arguments: R
2025-05-30 13:07:26 - Name: space.M
2025-05-30 13:07:26 - Focused Workspace: 
2025-05-30 13:07:26 - Name: space.5
2025-05-30 13:07:26 - Arguments: Q
2025-05-30 13:07:26 - Focused Workspace: 
2025-05-30 13:07:26 - Name: space.9
2025-05-30 13:07:26 - Focused Workspace: 
2025-05-30 13:07:26 - Focused Workspace: 
2025-05-30 13:07:26 - Focused Workspace: 
2025-05-30 13:07:26 - Name: space.W
2025-05-30 13:07:26 - Focused Workspace: 
2025-05-30 13:07:26 - Arguments: 6
2025-05-30 13:07:26 - Focused Workspace: 
2025-05-30 13:07:26 - Name: space.T
2025-05-30 13:07:26 - Arguments: S
2025-05-30 13:07:26 - Name: space.U
2025-05-30 13:07:26 - Focused Workspace: 
2025-05-30 13:07:26 - Arguments: Y
2025-05-30 13:07:26 - Arguments: N
2025-05-30 13:07:26 - Name: space.G
2025-05-30 13:07:26 - Name: space.B
2025-05-30 13:07:26 - Focused Workspace: 
2025-05-30 13:07:26 - Name: space.3
2025-05-30 13:07:26 - Name: space.E
2025-05-30 13:07:26 - Name: space.F
2025-05-30 13:07:26 - Name: space.7
2025-05-30 13:07:26 - Focused Workspace: 
2025-05-30 13:07:26 - Arguments: C
2025-05-30 13:07:26 - Focused Workspace: 
2025-05-30 13:07:26 - Arguments: 2
2025-05-30 13:07:26 - Name: space.Z
2025-05-30 13:07:26 - Focused Workspace: 
2025-05-30 13:07:26 - Name: space.6
2025-05-30 13:07:26 - Name: space.R
2025-05-30 13:07:26 - Focused Workspace: 
2025-05-30 13:07:26 - Focused Workspace: 
2025-05-30 13:07:26 - Focused Workspace: 
2025-05-30 13:07:26 - Arguments: 4
2025-05-30 13:07:26 - Name: space.8
2025-05-30 13:07:26 - Name: space.10
2025-05-30 13:07:26 - Name: space.N
2025-05-30 13:07:26 - Name: space.X
2025-05-30 13:07:26 - Name: space.D
2025-05-30 13:07:26 - Name: space.O
2025-05-30 13:07:26 - Name: space.Y
2025-05-30 13:07:26 - Focused Workspace: 
2025-05-30 13:07:26 - Focused Workspace: 
2025-05-30 13:07:26 - Name: space.C
2025-05-30 13:07:26 - Name: space.2
2025-05-30 13:07:26 - Name: space.S
2025-05-30 13:07:26 - Focused Workspace: 
2025-05-30 13:07:26 - Name: space.4
2025-05-30 13:07:26 - Name: space.Q
2025-05-30 13:07:30 - Arguments: 1
2025-05-30 13:07:30 - Arguments: 5
2025-05-30 13:07:30 - Arguments: 3
2025-05-30 13:07:30 - Arguments: 2
2025-05-30 13:07:30 - Arguments: 4
2025-05-30 13:07:30 - Arguments: 6
2025-05-30 13:07:30 - Focused Workspace: 10
2025-05-30 13:07:30 - Arguments: 7
2025-05-30 13:07:30 - Arguments: A
2025-05-30 13:07:30 - Arguments: 9
2025-05-30 13:07:30 - Arguments: 8
2025-05-30 13:07:30 - Arguments: F
2025-05-30 13:07:30 - Arguments: C
2025-05-30 13:07:30 - Arguments: 10
2025-05-30 13:07:30 - Focused Workspace: 10
2025-05-30 13:07:30 - Focused Workspace: 10
2025-05-30 13:07:30 - Arguments: B
2025-05-30 13:07:30 - Arguments: E
2025-05-30 13:07:30 - Focused Workspace: 10
2025-05-30 13:07:30 - Arguments: D
2025-05-30 13:07:30 - Focused Workspace: 10
2025-05-30 13:07:30 - Focused Workspace: 10
2025-05-30 13:07:30 - Arguments: M
2025-05-30 13:07:30 - Arguments: G
2025-05-30 13:07:30 - Focused Workspace: 10
2025-05-30 13:07:30 - Focused Workspace: 10
2025-05-30 13:07:30 - Name: space.1
2025-05-30 13:07:30 - Focused Workspace: 10
2025-05-30 13:07:30 - Arguments: I
2025-05-30 13:07:30 - Arguments: R
2025-05-30 13:07:30 - Arguments: N
2025-05-30 13:07:30 - Focused Workspace: 10
2025-05-30 13:07:30 - Focused Workspace: 10
2025-05-30 13:07:30 - Name: space.6
2025-05-30 13:07:30 - Focused Workspace: 10
2025-05-30 13:07:30 - Name: space.5
2025-05-30 13:07:30 - Arguments: O
2025-05-30 13:07:30 - Focused Workspace: 10
2025-05-30 13:07:30 - Focused Workspace: 10
2025-05-30 13:07:30 - Focused Workspace: 10
2025-05-30 13:07:30 - Arguments: Q
2025-05-30 13:07:30 - Arguments: P
2025-05-30 13:07:30 - Focused Workspace: 10
2025-05-30 13:07:30 - Name: space.8
2025-05-30 13:07:30 - Name: space.4
2025-05-30 13:07:30 - Name: space.9
2025-05-30 13:07:30 - Focused Workspace: 10
2025-05-30 13:07:30 - Arguments: S
2025-05-30 13:07:30 - Focused Workspace: 10
2025-05-30 13:07:30 - Name: space.2
2025-05-30 13:07:30 - Arguments: Z
2025-05-30 13:07:30 - Focused Workspace: 10
2025-05-30 13:07:30 - Focused Workspace: 10
2025-05-30 13:07:30 - Arguments: U
2025-05-30 13:07:30 - Focused Workspace: 10
2025-05-30 13:07:30 - Focused Workspace: 10
2025-05-30 13:07:30 - Name: space.3
2025-05-30 13:07:30 - Name: space.E
2025-05-30 13:07:30 - Name: space.C
2025-05-30 13:07:30 - Arguments: T
2025-05-30 13:07:30 - Focused Workspace: 10
2025-05-30 13:07:30 - Name: space.10
2025-05-30 13:07:30 - Arguments: V
2025-05-30 13:07:30 - Name: space.A
2025-05-30 13:07:30 - Arguments: Y
2025-05-30 13:07:30 - Name: space.7
2025-05-30 13:07:30 - Name: space.B
2025-05-30 13:07:30 - Name: space.D
2025-05-30 13:07:30 - Focused Workspace: 10
2025-05-30 13:07:30 - Name: space.F
2025-05-30 13:07:30 - Name: space.M
2025-05-30 13:07:30 - Focused Workspace: 10
2025-05-30 13:07:30 - Name: space.P
2025-05-30 13:07:30 - Focused Workspace: 10
2025-05-30 13:07:30 - Name: space.G
2025-05-30 13:07:30 - Name: space.I
2025-05-30 13:07:30 - Arguments: W
2025-05-30 13:07:30 - Focused Workspace: 10
2025-05-30 13:07:30 - Name: space.Q
2025-05-30 13:07:30 - Name: space.R
2025-05-30 13:07:30 - Arguments: X
2025-05-30 13:07:30 - Focused Workspace: 10
2025-05-30 13:07:30 - Arguments: 1
2025-05-30 13:07:31 - Arguments: 3
2025-05-30 13:07:31 - Focused Workspace: 10
2025-05-30 13:07:31 - Focused Workspace: 10
2025-05-30 13:07:31 - Name: space.O
2025-05-30 13:07:31 - Focused Workspace: 1
2025-05-30 13:07:31 - Focused Workspace: 1
2025-05-30 13:07:31 - Name: space.T
2025-05-30 13:07:31 - Arguments: 10
2025-05-30 13:07:31 - Arguments: 5
2025-05-30 13:07:31 - Name: space.U
2025-05-30 13:07:31 - Name: space.Y
2025-05-30 13:07:31 - Name: space.V
2025-05-30 13:07:31 - Name: space.N
2025-05-30 13:07:31 - Focused Workspace: 1
2025-05-30 13:07:31 - Focused Workspace: 1
2025-05-30 13:07:31 - Name: space.1
2025-05-30 13:07:31 - Name: space.3
2025-05-30 13:07:31 - Focused Workspace: 10
2025-05-30 13:07:31 - Arguments: 9
2025-05-30 13:07:31 - Focused Workspace: 10
2025-05-30 13:07:31 - Arguments: B
2025-05-30 13:07:31 - Name: space.X
2025-05-30 13:07:31 - Arguments: 6
2025-05-30 13:07:31 - Arguments: 7
2025-05-30 13:07:31 - Focused Workspace: 1
2025-05-30 13:07:31 - Name: space.Z
2025-05-30 13:07:31 - Name: space.10
2025-05-30 13:07:31 - Name: space.W
2025-05-30 13:07:31 - Focused Workspace: 1
2025-05-30 13:07:31 - Name: space.9
2025-05-30 13:07:31 - Arguments: F
2025-05-30 13:07:31 - Arguments: U
2025-05-30 13:07:31 - Arguments: M
2025-05-30 13:07:31 - Name: space.S
2025-05-30 13:07:31 - Arguments: Q
2025-05-30 13:07:31 - Focused Workspace: 1
2025-05-30 13:07:31 - Focused Workspace: 1
2025-05-30 13:07:31 - Focused Workspace: 1
2025-05-30 13:07:31 - Arguments: T
2025-05-30 13:07:31 - Focused Workspace: 1
2025-05-30 13:07:31 - Focused Workspace: 1
2025-05-30 13:07:31 - Arguments: A
2025-05-30 13:07:31 - Name: space.5
2025-05-30 13:07:31 - Arguments: Z
2025-05-30 13:07:31 - Arguments: G
2025-05-30 13:07:31 - Name: space.F
2025-05-30 13:07:31 - Arguments: 4
2025-05-30 13:07:31 - Arguments: C
2025-05-30 13:07:31 - Arguments: X
2025-05-30 13:07:31 - Name: space.7
2025-05-30 13:07:31 - Arguments: 8
2025-05-30 13:07:31 - Focused Workspace: 1
2025-05-30 13:07:31 - Focused Workspace: 1
2025-05-30 13:07:31 - Arguments: Y
2025-05-30 13:07:31 - Focused Workspace: 1
2025-05-30 13:07:31 - Focused Workspace: 1
2025-05-30 13:07:31 - Name: space.U
2025-05-30 13:07:31 - Arguments: I
2025-05-30 13:07:31 - Focused Workspace: 1
2025-05-30 13:07:31 - Arguments: 2
2025-05-30 13:07:31 - Arguments: P
2025-05-30 13:07:31 - Arguments: R
2025-05-30 13:07:31 - Name: space.Z
2025-05-30 13:07:31 - Focused Workspace: 1
2025-05-30 13:07:31 - Arguments: N
2025-05-30 13:07:31 - Name: space.Q
2025-05-30 13:07:31 - Name: space.4
2025-05-30 13:07:31 - Focused Workspace: 1
2025-05-30 13:07:31 - Name: space.6
2025-05-30 13:07:31 - Focused Workspace: 1
2025-05-30 13:07:31 - Focused Workspace: 1
2025-05-30 13:07:31 - Name: space.M
2025-05-30 13:07:31 - Focused Workspace: 1
2025-05-30 13:07:31 - Name: space.B
2025-05-30 13:07:31 - Name: space.A
2025-05-30 13:07:31 - Name: space.T
2025-05-30 13:07:31 - Arguments: S
2025-05-30 13:07:31 - Focused Workspace: 1
2025-05-30 13:07:31 - Focused Workspace: 1
2025-05-30 13:07:31 - Focused Workspace: 1
2025-05-30 13:07:31 - Focused Workspace: 1
2025-05-30 13:07:31 - Name: space.C
2025-05-30 13:07:31 - Arguments: D
2025-05-30 13:07:31 - Focused Workspace: 1
2025-05-30 13:07:31 - Focused Workspace: 1
2025-05-30 13:07:31 - Name: space.8
2025-05-30 13:07:31 - Name: space.P
2025-05-30 13:07:31 - Name: space.Y
2025-05-30 13:07:31 - Name: space.X
2025-05-30 13:07:31 - Arguments: W
2025-05-30 13:07:31 - Name: space.2
2025-05-30 13:07:31 - Name: space.R
2025-05-30 13:07:31 - Name: space.I
2025-05-30 13:07:31 - Name: space.N
2025-05-30 13:07:31 - Arguments: E
2025-05-30 13:07:31 - Focused Workspace: 1
2025-05-30 13:07:31 - Name: space.G
2025-05-30 13:07:31 - Arguments: V
2025-05-30 13:07:31 - Name: space.S
2025-05-30 13:07:31 - Focused Workspace: 1
2025-05-30 13:07:31 - Arguments: O
2025-05-30 13:07:31 - Focused Workspace: 1
2025-05-30 13:07:31 - Focused Workspace: 1
2025-05-30 13:07:31 - Name: space.D
2025-05-30 13:07:31 - Name: space.W
2025-05-30 13:07:31 - Focused Workspace: 1
2025-05-30 13:07:31 - Name: space.E
2025-05-30 13:07:31 - Name: space.V
2025-05-30 13:07:31 - Name: space.O
2025-05-30 13:07:34 - Arguments: 5
2025-05-30 13:07:34 - Arguments: 1
2025-05-30 13:07:34 - Arguments: 8
2025-05-30 13:07:34 - Arguments: 2
2025-05-30 13:07:34 - Arguments: 3
2025-05-30 13:07:34 - Focused Workspace: 2
2025-05-30 13:07:34 - Arguments: 7
2025-05-30 13:07:34 - Focused Workspace: 2
2025-05-30 13:07:34 - Focused Workspace: 2
2025-05-30 13:07:34 - Focused Workspace: 2
2025-05-30 13:07:34 - Focused Workspace: 2
2025-05-30 13:07:34 - Arguments: U
2025-05-30 13:07:34 - Focused Workspace: 2
2025-05-30 13:07:34 - Arguments: 10
2025-05-30 13:07:34 - Arguments: E
2025-05-30 13:07:34 - Name: space.8
2025-05-30 13:07:34 - Arguments: 4
2025-05-30 13:07:34 - Name: space.3
2025-05-30 13:07:34 - Name: space.2
2025-05-30 13:07:34 - Arguments: G
2025-05-30 13:07:34 - Arguments: C
2025-05-30 13:07:34 - Arguments: F
2025-05-30 13:07:34 - Arguments: B
2025-05-30 13:07:34 - Arguments: Q
2025-05-30 13:07:34 - Name: space.1
2025-05-30 13:07:34 - Arguments: 9
2025-05-30 13:07:34 - Focused Workspace: 2
2025-05-30 13:07:34 - Arguments: 6
2025-05-30 13:07:34 - Name: space.7
2025-05-30 13:07:34 - Focused Workspace: 2
2025-05-30 13:07:34 - Focused Workspace: 2
2025-05-30 13:07:34 - Arguments: Y
2025-05-30 13:07:34 - Arguments: A
2025-05-30 13:07:34 - Focused Workspace: 2
2025-05-30 13:07:34 - Focused Workspace: 2
2025-05-30 13:07:34 - Arguments: I
2025-05-30 13:07:34 - Focused Workspace: 2
2025-05-30 13:07:34 - Arguments: D
2025-05-30 13:07:34 - Name: space.E
2025-05-30 13:07:34 - Arguments: R
2025-05-30 13:07:34 - Arguments: Z
2025-05-30 13:07:34 - Name: space.5
2025-05-30 13:07:34 - Focused Workspace: 2
2025-05-30 13:07:34 - Focused Workspace: 2
2025-05-30 13:07:34 - Focused Workspace: 2
2025-05-30 13:07:34 - Focused Workspace: 2
2025-05-30 13:07:34 - Arguments: P
2025-05-30 13:07:34 - Name: space.G
2025-05-30 13:07:34 - Name: space.Q
2025-05-30 13:07:34 - Name: space.C
2025-05-30 13:07:34 - Focused Workspace: 2
2025-05-30 13:07:34 - Focused Workspace: 2
2025-05-30 13:07:34 - Name: space.10
2025-05-30 13:07:34 - Arguments: M
2025-05-30 13:07:34 - Name: space.4
2025-05-30 13:07:34 - Arguments: N
2025-05-30 13:07:34 - Focused Workspace: 2
2025-05-30 13:07:34 - Arguments: X
2025-05-30 13:07:34 - Name: space.F
2025-05-30 13:07:34 - Arguments: T
2025-05-30 13:07:34 - Name: space.9
2025-05-30 13:07:34 - Focused Workspace: 2
2025-05-30 13:07:34 - Name: space.B
2025-05-30 13:07:34 - Name: space.Y
2025-05-30 13:07:34 - Focused Workspace: 2
2025-05-30 13:07:34 - Arguments: W
2025-05-30 13:07:34 - Focused Workspace: 2
2025-05-30 13:07:34 - Name: space.U
2025-05-30 13:07:34 - Focused Workspace: 2
2025-05-30 13:07:34 - Focused Workspace: 2
2025-05-30 13:07:34 - Arguments: V
2025-05-30 13:07:34 - Focused Workspace: 2
2025-05-30 13:07:34 - Arguments: O
2025-05-30 13:07:34 - Name: space.D
2025-05-30 13:07:34 - Focused Workspace: 2
2025-05-30 13:07:34 - Name: space.A
2025-05-30 13:07:34 - Arguments: S
2025-05-30 13:07:34 - Focused Workspace: 2
2025-05-30 13:07:34 - Name: space.I
2025-05-30 13:07:34 - Name: space.M
2025-05-30 13:07:34 - Name: space.6
2025-05-30 13:07:34 - Focused Workspace: 2
2025-05-30 13:07:34 - Name: space.P
2025-05-30 13:07:34 - Focused Workspace: 2
2025-05-30 13:07:34 - Name: space.T
2025-05-30 13:07:34 - Focused Workspace: 2
2025-05-30 13:07:34 - Name: space.R
2025-05-30 13:07:34 - Focused Workspace: 2
2025-05-30 13:07:34 - Name: space.X
2025-05-30 13:07:34 - Focused Workspace: 2
2025-05-30 13:07:34 - Name: space.N
2025-05-30 13:07:34 - Name: space.Z
2025-05-30 13:07:34 - Name: space.V
2025-05-30 13:07:34 - Name: space.O
2025-05-30 13:07:34 - Name: space.S
2025-05-30 13:07:34 - Name: space.W
2025-05-30 13:07:35 - Arguments: 3
2025-05-30 13:07:35 - Arguments: 7
2025-05-30 13:07:35 - Arguments: 5
2025-05-30 13:07:35 - Focused Workspace: 3
2025-05-30 13:07:35 - Arguments: 4
2025-05-30 13:07:35 - Arguments: 1
2025-05-30 13:07:35 - Arguments: 6
2025-05-30 13:07:35 - Arguments: D
2025-05-30 13:07:35 - Name: space.3
2025-05-30 13:07:35 - Arguments: C
2025-05-30 13:07:35 - Arguments: 2
2025-05-30 13:07:35 - Focused Workspace: 3
2025-05-30 13:07:35 - Focused Workspace: 3
2025-05-30 13:07:35 - Arguments: F
2025-05-30 13:07:35 - Arguments: 8
2025-05-30 13:07:35 - Arguments: 9
2025-05-30 13:07:35 - Focused Workspace: 3
2025-05-30 13:07:35 - Arguments: N
2025-05-30 13:07:35 - Focused Workspace: 3
2025-05-30 13:07:35 - Focused Workspace: 3
2025-05-30 13:07:35 - Arguments: B
2025-05-30 13:07:35 - Arguments: A
2025-05-30 13:07:35 - Name: space.5
2025-05-30 13:07:35 - Arguments: T
2025-05-30 13:07:35 - Focused Workspace: 3
2025-05-30 13:07:35 - Name: space.7
2025-05-30 13:07:35 - Name: space.1
2025-05-30 13:07:35 - Arguments: Q
2025-05-30 13:07:35 - Focused Workspace: 3
2025-05-30 13:07:35 - Arguments: Y
2025-05-30 13:07:35 - Focused Workspace: 3
2025-05-30 13:07:35 - Arguments: M
2025-05-30 13:07:35 - Arguments: 10
2025-05-30 13:07:35 - Arguments: G
2025-05-30 13:07:35 - Focused Workspace: 3
2025-05-30 13:07:35 - Arguments: I
2025-05-30 13:07:35 - Name: space.9
2025-05-30 13:07:35 - Focused Workspace: 3
2025-05-30 13:07:35 - Arguments: E
2025-05-30 13:07:35 - Name: space.N
2025-05-30 13:07:35 - Focused Workspace: 3
2025-05-30 13:07:35 - Name: space.6
2025-05-30 13:07:35 - Name: space.F
2025-05-30 13:07:35 - Focused Workspace: 3
2025-05-30 13:07:35 - Focused Workspace: 3
2025-05-30 13:07:35 - Arguments: W
2025-05-30 13:07:35 - Focused Workspace: 3
2025-05-30 13:07:35 - Focused Workspace: 3
2025-05-30 13:07:35 - Arguments: S
2025-05-30 13:07:35 - Focused Workspace: 3
2025-05-30 13:07:35 - Focused Workspace: 3
2025-05-30 13:07:35 - Name: space.2
2025-05-30 13:07:35 - Focused Workspace: 3
2025-05-30 13:07:35 - Name: space.4
2025-05-30 13:07:35 - Arguments: P
2025-05-30 13:07:35 - Focused Workspace: 3
2025-05-30 13:07:35 - Name: space.Y
2025-05-30 13:07:35 - Name: space.M
2025-05-30 13:07:35 - Name: space.T
2025-05-30 13:07:35 - Focused Workspace: 3
2025-05-30 13:07:35 - Focused Workspace: 3
2025-05-30 13:07:35 - Focused Workspace: 3
2025-05-30 13:07:35 - Arguments: X
2025-05-30 13:07:35 - Name: space.Q
2025-05-30 13:07:35 - Name: space.8
2025-05-30 13:07:35 - Name: space.D
2025-05-30 13:07:35 - Arguments: V
2025-05-30 13:07:35 - Name: space.G
2025-05-30 13:07:35 - Name: space.E
2025-05-30 13:07:35 - Focused Workspace: 3
2025-05-30 13:07:35 - Focused Workspace: 3
2025-05-30 13:07:35 - Arguments: R
2025-05-30 13:07:35 - Name: space.C
2025-05-30 13:07:35 - Name: space.10
2025-05-30 13:07:35 - Name: space.A
2025-05-30 13:07:35 - Focused Workspace: 3
2025-05-30 13:07:35 - Arguments: Z
2025-05-30 13:07:35 - Focused Workspace: 3
2025-05-30 13:07:35 - Name: space.B
2025-05-30 13:07:35 - Focused Workspace: 3
2025-05-30 13:07:35 - Arguments: O
2025-05-30 13:07:35 - Name: space.S
2025-05-30 13:07:35 - Name: space.I
2025-05-30 13:07:35 - Focused Workspace: 3
2025-05-30 13:07:35 - Name: space.P
2025-05-30 13:07:35 - Name: space.X
2025-05-30 13:07:35 - Name: space.V
2025-05-30 13:07:35 - Focused Workspace: 3
2025-05-30 13:07:35 - Name: space.W
2025-05-30 13:07:35 - Arguments: U
2025-05-30 13:07:35 - Focused Workspace: 3
2025-05-30 13:07:35 - Name: space.R
2025-05-30 13:07:35 - Name: space.Z
2025-05-30 13:07:35 - Focused Workspace: 3
2025-05-30 13:07:35 - Name: space.O
2025-05-30 13:07:35 - Name: space.U
2025-05-30 13:07:35 - Arguments: 1
2025-05-30 13:07:35 - Arguments: 3
2025-05-30 13:07:35 - Arguments: 2
2025-05-30 13:07:35 - Arguments: B
2025-05-30 13:07:35 - Arguments: 6
2025-05-30 13:07:35 - Arguments: 7
2025-05-30 13:07:35 - Arguments: 8
2025-05-30 13:07:35 - Arguments: 10
2025-05-30 13:07:35 - Focused Workspace: 4
2025-05-30 13:07:35 - Focused Workspace: 4
2025-05-30 13:07:35 - Arguments: C
2025-05-30 13:07:35 - Arguments: 9
2025-05-30 13:07:35 - Arguments: 5
2025-05-30 13:07:35 - Arguments: 4
2025-05-30 13:07:35 - Arguments: A
2025-05-30 13:07:35 - Focused Workspace: 4
2025-05-30 13:07:35 - Focused Workspace: 4
2025-05-30 13:07:35 - Focused Workspace: 4
2025-05-30 13:07:35 - Arguments: F
2025-05-30 13:07:35 - Arguments: D
2025-05-30 13:07:35 - Focused Workspace: 4
2025-05-30 13:07:35 - Focused Workspace: 4
2025-05-30 13:07:35 - Name: space.3
2025-05-30 13:07:35 - Arguments: E
2025-05-30 13:07:35 - Focused Workspace: 4
2025-05-30 13:07:35 - Focused Workspace: 4
2025-05-30 13:07:35 - Focused Workspace: 4
2025-05-30 13:07:35 - Name: space.1
2025-05-30 13:07:35 - Focused Workspace: 4
2025-05-30 13:07:35 - Arguments: I
2025-05-30 13:07:35 - Name: space.B
2025-05-30 13:07:35 - Arguments: M
2025-05-30 13:07:35 - Focused Workspace: 4
2025-05-30 13:07:35 - Focused Workspace: 4
2025-05-30 13:07:35 - Name: space.6
2025-05-30 13:07:35 - Arguments: G
2025-05-30 13:07:35 - Name: space.2
2025-05-30 13:07:35 - Focused Workspace: 4
2025-05-30 13:07:35 - Focused Workspace: 4
2025-05-30 13:07:35 - Focused Workspace: 4
2025-05-30 13:07:35 - Arguments: O
2025-05-30 13:07:35 - Arguments: R
2025-05-30 13:07:35 - Arguments: P
2025-05-30 13:07:35 - Name: space.10
2025-05-30 13:07:35 - Name: space.5
2025-05-30 13:07:35 - Name: space.7
2025-05-30 13:07:35 - Name: space.8
2025-05-30 13:07:35 - Name: space.C
2025-05-30 13:07:35 - Arguments: W
2025-05-30 13:07:35 - Arguments: Q
2025-05-30 13:07:35 - Name: space.9
2025-05-30 13:07:35 - Arguments: T
2025-05-30 13:07:35 - Name: space.A
2025-05-30 13:07:35 - Focused Workspace: 4
2025-05-30 13:07:35 - Arguments: S
2025-05-30 13:07:35 - Focused Workspace: 4
2025-05-30 13:07:35 - Arguments: X
2025-05-30 13:07:35 - Focused Workspace: 4
2025-05-30 13:07:35 - Name: space.4
2025-05-30 13:07:35 - Arguments: V
2025-05-30 13:07:35 - Name: space.D
2025-05-30 13:07:35 - Arguments: N
2025-05-30 13:07:35 - Arguments: Y
2025-05-30 13:07:35 - Focused Workspace: 4
2025-05-30 13:07:35 - Focused Workspace: 4
2025-05-30 13:07:35 - Name: space.I
2025-05-30 13:07:35 - Focused Workspace: 4
2025-05-30 13:07:35 - Name: space.F
2025-05-30 13:07:35 - Arguments: U
2025-05-30 13:07:35 - Focused Workspace: 4
2025-05-30 13:07:35 - Name: space.G
2025-05-30 13:07:35 - Name: space.M
2025-05-30 13:07:35 - Focused Workspace: 4
2025-05-30 13:07:35 - Arguments: Z
2025-05-30 13:07:35 - Focused Workspace: 4
2025-05-30 13:07:35 - Name: space.E
2025-05-30 13:07:35 - Focused Workspace: 4
2025-05-30 13:07:35 - Focused Workspace: 4
2025-05-30 13:07:35 - Name: space.O
2025-05-30 13:07:35 - Focused Workspace: 4
2025-05-30 13:07:35 - Focused Workspace: 4
2025-05-30 13:07:35 - Name: space.S
2025-05-30 13:07:35 - Name: space.V
2025-05-30 13:07:35 - Focused Workspace: 4
2025-05-30 13:07:35 - Name: space.X
2025-05-30 13:07:35 - Focused Workspace: 4
2025-05-30 13:07:35 - Name: space.W
2025-05-30 13:07:35 - Name: space.P
2025-05-30 13:07:35 - Name: space.R
2025-05-30 13:07:35 - Name: space.Q
2025-05-30 13:07:35 - Name: space.Y
2025-05-30 13:07:35 - Focused Workspace: 4
2025-05-30 13:07:35 - Name: space.N
2025-05-30 13:07:35 - Name: space.U
2025-05-30 13:07:35 - Name: space.T
2025-05-30 13:07:35 - Name: space.Z
2025-05-30 13:07:35 - Arguments: 2
2025-05-30 13:07:35 - Arguments: 9
2025-05-30 13:07:35 - Arguments: 5
2025-05-30 13:07:35 - Arguments: 4
2025-05-30 13:07:35 - Arguments: 1
2025-05-30 13:07:35 - Arguments: 3
2025-05-30 13:07:35 - Arguments: 8
2025-05-30 13:07:35 - Arguments: C
2025-05-30 13:07:35 - Arguments: 7
2025-05-30 13:07:35 - Focused Workspace: 5
2025-05-30 13:07:35 - Focused Workspace: 5
2025-05-30 13:07:35 - Focused Workspace: 5
2025-05-30 13:07:35 - Focused Workspace: 5
2025-05-30 13:07:35 - Focused Workspace: 5
2025-05-30 13:07:35 - Arguments: A
2025-05-30 13:07:35 - Arguments: 6
2025-05-30 13:07:35 - Arguments: 10
2025-05-30 13:07:35 - Focused Workspace: 5
2025-05-30 13:07:35 - Name: space.5
2025-05-30 13:07:35 - Focused Workspace: 5
2025-05-30 13:07:35 - Focused Workspace: 5
2025-05-30 13:07:35 - Arguments: B
2025-05-30 13:07:35 - Focused Workspace: 5
2025-05-30 13:07:35 - Name: space.9
2025-05-30 13:07:35 - Name: space.2
2025-05-30 13:07:35 - Arguments: I
2025-05-30 13:07:35 - Name: space.4
2025-05-30 13:07:35 - Name: space.1
2025-05-30 13:07:35 - Arguments: D
2025-05-30 13:07:35 - Name: space.7
2025-05-30 13:07:35 - Arguments: E
2025-05-30 13:07:35 - Focused Workspace: 5
2025-05-30 13:07:35 - Focused Workspace: 5
2025-05-30 13:07:35 - Focused Workspace: 5
2025-05-30 13:07:35 - Arguments: F
2025-05-30 13:07:35 - Focused Workspace: 5
2025-05-30 13:07:35 - Focused Workspace: 5
2025-05-30 13:07:35 - Name: space.8
2025-05-30 13:07:35 - Arguments: G
2025-05-30 13:07:35 - Name: space.C
2025-05-30 13:07:35 - Name: space.3
2025-05-30 13:07:35 - Arguments: N
2025-05-30 13:07:35 - Arguments: M
2025-05-30 13:07:35 - Focused Workspace: 5
2025-05-30 13:07:35 - Focused Workspace: 5
2025-05-30 13:07:35 - Focused Workspace: 5
2025-05-30 13:07:35 - Name: space.A
2025-05-30 13:07:35 - Name: space.B
2025-05-30 13:07:35 - Arguments: P
2025-05-30 13:07:35 - Arguments: O
2025-05-30 13:07:35 - Arguments: R
2025-05-30 13:07:35 - Name: space.6
2025-05-30 13:07:35 - Focused Workspace: 5
2025-05-30 13:07:35 - Name: space.10
2025-05-30 13:07:35 - Arguments: Q
2025-05-30 13:07:35 - Focused Workspace: 5
2025-05-30 13:07:35 - Name: space.I
2025-05-30 13:07:35 - Arguments: S
2025-05-30 13:07:35 - Focused Workspace: 5
2025-05-30 13:07:35 - Focused Workspace: 5
2025-05-30 13:07:35 - Focused Workspace: 5
2025-05-30 13:07:35 - Name: space.G
2025-05-30 13:07:35 - Name: space.F
2025-05-30 13:07:35 - Name: space.E
2025-05-30 13:07:35 - Name: space.M
2025-05-30 13:07:35 - Focused Workspace: 5
2025-05-30 13:07:35 - Focused Workspace: 5
2025-05-30 13:07:35 - Focused Workspace: 5
2025-05-30 13:07:35 - Name: space.D
2025-05-30 13:07:35 - Name: space.N
2025-05-30 13:07:35 - Name: space.R
2025-05-30 13:07:35 - Arguments: T
2025-05-30 13:07:35 - Name: space.P
2025-05-30 13:07:35 - Name: space.O
2025-05-30 13:07:35 - Name: space.Q
2025-05-30 13:07:35 - Arguments: X
2025-05-30 13:07:35 - Arguments: W
2025-05-30 13:07:35 - Arguments: Z
2025-05-30 13:07:35 - Arguments: U
2025-05-30 13:07:35 - Focused Workspace: 5
2025-05-30 13:07:35 - Name: space.S
2025-05-30 13:07:35 - Arguments: Y
2025-05-30 13:07:35 - Arguments: V
2025-05-30 13:07:35 - Focused Workspace: 5
2025-05-30 13:07:35 - Focused Workspace: 5
2025-05-30 13:07:35 - Name: space.T
2025-05-30 13:07:35 - Focused Workspace: 5
2025-05-30 13:07:35 - Focused Workspace: 5
2025-05-30 13:07:35 - Focused Workspace: 5
2025-05-30 13:07:35 - Focused Workspace: 5
2025-05-30 13:07:35 - Name: space.X
2025-05-30 13:07:35 - Name: space.W
2025-05-30 13:07:35 - Name: space.U
2025-05-30 13:07:35 - Name: space.Z
2025-05-30 13:07:35 - Name: space.V
2025-05-30 13:07:35 - Name: space.Y
2025-05-30 13:07:36 - Arguments: B
2025-05-30 13:07:36 - Arguments: 7
2025-05-30 13:07:36 - Arguments: 1
2025-05-30 13:07:36 - Arguments: 6
2025-05-30 13:07:36 - Arguments: 10
2025-05-30 13:07:36 - Arguments: 5
2025-05-30 13:07:36 - Arguments: 3
2025-05-30 13:07:36 - Arguments: A
2025-05-30 13:07:36 - Arguments: 2
2025-05-30 13:07:36 - Focused Workspace: 6
2025-05-30 13:07:36 - Arguments: M
2025-05-30 13:07:36 - Focused Workspace: 6
2025-05-30 13:07:36 - Arguments: N
2025-05-30 13:07:36 - Arguments: 4
2025-05-30 13:07:36 - Arguments: D
2025-05-30 13:07:36 - Arguments: 9
2025-05-30 13:07:36 - Arguments: 8
2025-05-30 13:07:36 - Arguments: C
2025-05-30 13:07:36 - Focused Workspace: 6
2025-05-30 13:07:36 - Focused Workspace: 6
2025-05-30 13:07:36 - Arguments: E
2025-05-30 13:07:36 - Name: space.7
2025-05-30 13:07:36 - Focused Workspace: 6
2025-05-30 13:07:36 - Focused Workspace: 6
2025-05-30 13:07:36 - Focused Workspace: 6
2025-05-30 13:07:36 - Arguments: V
2025-05-30 13:07:36 - Arguments: Q
2025-05-30 13:07:36 - Arguments: I
2025-05-30 13:07:36 - Arguments: R
2025-05-30 13:07:36 - Focused Workspace: 6
2025-05-30 13:07:36 - Focused Workspace: 6
2025-05-30 13:07:36 - Name: space.5
2025-05-30 13:07:36 - Arguments: G
2025-05-30 13:07:36 - Name: space.10
2025-05-30 13:07:36 - Focused Workspace: 6
2025-05-30 13:07:36 - Focused Workspace: 6
2025-05-30 13:07:36 - Focused Workspace: 6
2025-05-30 13:07:36 - Focused Workspace: 6
2025-05-30 13:07:36 - Arguments: F
2025-05-30 13:07:36 - Arguments: P
2025-05-30 13:07:36 - Focused Workspace: 6
2025-05-30 13:07:36 - Focused Workspace: 6
2025-05-30 13:07:36 - Focused Workspace: 6
2025-05-30 13:07:36 - Arguments: O
2025-05-30 13:07:36 - Arguments: T
2025-05-30 13:07:36 - Focused Workspace: 6
2025-05-30 13:07:36 - Name: space.B
2025-05-30 13:07:36 - Arguments: U
2025-05-30 13:07:36 - Focused Workspace: 6
2025-05-30 13:07:36 - Arguments: Y
2025-05-30 13:07:36 - Name: space.2
2025-05-30 13:07:36 - Name: space.3
2025-05-30 13:07:36 - Focused Workspace: 6
2025-05-30 13:07:36 - Arguments: X
2025-05-30 13:07:36 - Name: space.8
2025-05-30 13:07:36 - Name: space.E
2025-05-30 13:07:36 - Arguments: S
2025-05-30 13:07:36 - Focused Workspace: 6
2025-05-30 13:07:36 - Name: space.M
2025-05-30 13:07:36 - Name: space.4
2025-05-30 13:07:36 - Focused Workspace: 6
2025-05-30 13:07:36 - Name: space.C
2025-05-30 13:07:36 - Name: space.1
2025-05-30 13:07:36 - Focused Workspace: 6
2025-05-30 13:07:36 - Focused Workspace: 6
2025-05-30 13:07:36 - Name: space.D
2025-05-30 13:07:36 - Name: space.A
2025-05-30 13:07:36 - Name: space.6
2025-05-30 13:07:36 - Focused Workspace: 6
2025-05-30 13:07:36 - Arguments: Z
2025-05-30 13:07:36 - Name: space.N
2025-05-30 13:07:36 - Focused Workspace: 6
2025-05-30 13:07:36 - Name: space.9
2025-05-30 13:07:36 - Focused Workspace: 6
2025-05-30 13:07:36 - Focused Workspace: 6
2025-05-30 13:07:36 - Focused Workspace: 6
2025-05-30 13:07:36 - Name: space.V
2025-05-30 13:07:36 - Focused Workspace: 6
2025-05-30 13:07:36 - Arguments: W
2025-05-30 13:07:36 - Name: space.R
2025-05-30 13:07:36 - Focused Workspace: 6
2025-05-30 13:07:36 - Name: space.Q
2025-05-30 13:07:36 - Name: space.P
2025-05-30 13:07:36 - Focused Workspace: 6
2025-05-30 13:07:36 - Name: space.F
2025-05-30 13:07:36 - Name: space.I
2025-05-30 13:07:36 - Name: space.O
2025-05-30 13:07:36 - Name: space.U
2025-05-30 13:07:36 - Name: space.T
2025-05-30 13:07:36 - Name: space.Y
2025-05-30 13:07:36 - Focused Workspace: 6
2025-05-30 13:07:36 - Name: space.S
2025-05-30 13:07:36 - Name: space.G
2025-05-30 13:07:36 - Name: space.X
2025-05-30 13:07:36 - Name: space.Z
2025-05-30 13:07:36 - Name: space.W
2025-05-30 13:07:36 - Arguments: 2
2025-05-30 13:07:36 - Arguments: 1
2025-05-30 13:07:36 - Arguments: 5
2025-05-30 13:07:36 - Arguments: 7
2025-05-30 13:07:36 - Arguments: 10
2025-05-30 13:07:36 - Arguments: E
2025-05-30 13:07:36 - Focused Workspace: 7
2025-05-30 13:07:36 - Arguments: 6
2025-05-30 13:07:36 - Arguments: F
2025-05-30 13:07:36 - Arguments: B
2025-05-30 13:07:36 - Arguments: 3
2025-05-30 13:07:36 - Arguments: A
2025-05-30 13:07:36 - Arguments: 4
2025-05-30 13:07:36 - Arguments: 9
2025-05-30 13:07:36 - Focused Workspace: 7
2025-05-30 13:07:36 - Arguments: G
2025-05-30 13:07:36 - Focused Workspace: 7
2025-05-30 13:07:36 - Focused Workspace: 7
2025-05-30 13:07:36 - Arguments: D
2025-05-30 13:07:36 - Arguments: 8
2025-05-30 13:07:36 - Focused Workspace: 7
2025-05-30 13:07:36 - Name: space.2
2025-05-30 13:07:36 - Focused Workspace: 7
2025-05-30 13:07:36 - Focused Workspace: 7
2025-05-30 13:07:36 - Arguments: I
2025-05-30 13:07:36 - Focused Workspace: 7
2025-05-30 13:07:36 - Focused Workspace: 7
2025-05-30 13:07:36 - Arguments: C
2025-05-30 13:07:36 - Arguments: S
2025-05-30 13:07:36 - Focused Workspace: 7
2025-05-30 13:07:36 - Focused Workspace: 7
2025-05-30 13:07:36 - Arguments: P
2025-05-30 13:07:36 - Focused Workspace: 7
2025-05-30 13:07:36 - Focused Workspace: 7
2025-05-30 13:07:36 - Arguments: O
2025-05-30 13:07:36 - Arguments: N
2025-05-30 13:07:36 - Name: space.5
2025-05-30 13:07:36 - Focused Workspace: 7
2025-05-30 13:07:36 - Arguments: Q
2025-05-30 13:07:36 - Arguments: M
2025-05-30 13:07:36 - Name: space.7
2025-05-30 13:07:36 - Arguments: V
2025-05-30 13:07:36 - Arguments: W
2025-05-30 13:07:36 - Name: space.6
2025-05-30 13:07:36 - Focused Workspace: 7
2025-05-30 13:07:36 - Name: space.E
2025-05-30 13:07:36 - Name: space.3
2025-05-30 13:07:36 - Arguments: R
2025-05-30 13:07:36 - Focused Workspace: 7
2025-05-30 13:07:36 - Name: space.10
2025-05-30 13:07:36 - Name: space.B
2025-05-30 13:07:36 - Name: space.1
2025-05-30 13:07:36 - Arguments: U
2025-05-30 13:07:36 - Arguments: T
2025-05-30 13:07:36 - Arguments: Y
2025-05-30 13:07:36 - Focused Workspace: 7
2025-05-30 13:07:36 - Name: space.4
2025-05-30 13:07:36 - Name: space.F
2025-05-30 13:07:36 - Focused Workspace: 7
2025-05-30 13:07:36 - Focused Workspace: 7
2025-05-30 13:07:36 - Name: space.G
2025-05-30 13:07:36 - Arguments: Z
2025-05-30 13:07:36 - Focused Workspace: 7
2025-05-30 13:07:36 - Focused Workspace: 7
2025-05-30 13:07:36 - Name: space.A
2025-05-30 13:07:36 - Focused Workspace: 7
2025-05-30 13:07:36 - Focused Workspace: 7
2025-05-30 13:07:36 - Focused Workspace: 7
2025-05-30 13:07:36 - Name: space.9
2025-05-30 13:07:36 - Name: space.I
2025-05-30 13:07:36 - Arguments: X
2025-05-30 13:07:36 - Focused Workspace: 7
2025-05-30 13:07:36 - Name: space.S
2025-05-30 13:07:36 - Focused Workspace: 7
2025-05-30 13:07:36 - Focused Workspace: 7
2025-05-30 13:07:36 - Focused Workspace: 7
2025-05-30 13:07:36 - Name: space.P
2025-05-30 13:07:36 - Name: space.8
2025-05-30 13:07:36 - Name: space.D
2025-05-30 13:07:36 - Name: space.O
2025-05-30 13:07:36 - Focused Workspace: 7
2025-05-30 13:07:36 - Name: space.M
2025-05-30 13:07:36 - Name: space.N
2025-05-30 13:07:36 - Name: space.C
2025-05-30 13:07:36 - Focused Workspace: 7
2025-05-30 13:07:36 - Name: space.Q
2025-05-30 13:07:36 - Focused Workspace: 7
2025-05-30 13:07:36 - Focused Workspace: 7
2025-05-30 13:07:36 - Name: space.U
2025-05-30 13:07:36 - Name: space.T
2025-05-30 13:07:36 - Name: space.V
2025-05-30 13:07:36 - Name: space.Y
2025-05-30 13:07:36 - Name: space.Z
2025-05-30 13:07:36 - Name: space.W
2025-05-30 13:07:36 - Name: space.X
2025-05-30 13:07:36 - Name: space.R
2025-05-30 13:07:37 - Arguments: 1
2025-05-30 13:07:37 - Arguments: 4
2025-05-30 13:07:37 - Arguments: 3
2025-05-30 13:07:37 - Arguments: 6
2025-05-30 13:07:37 - Arguments: 9
2025-05-30 13:07:37 - Arguments: B
2025-05-30 13:07:37 - Arguments: 8
2025-05-30 13:07:37 - Arguments: 10
2025-05-30 13:07:37 - Arguments: 7
2025-05-30 13:07:37 - Arguments: C
2025-05-30 13:07:37 - Arguments: 5
2025-05-30 13:07:37 - Arguments: A
2025-05-30 13:07:37 - Arguments: 2
2025-05-30 13:07:37 - Focused Workspace: 8
2025-05-30 13:07:37 - Focused Workspace: 8
2025-05-30 13:07:37 - Focused Workspace: 8
2025-05-30 13:07:37 - Focused Workspace: 8
2025-05-30 13:07:37 - Focused Workspace: 8
2025-05-30 13:07:37 - Focused Workspace: 8
2025-05-30 13:07:37 - Focused Workspace: 8
2025-05-30 13:07:37 - Focused Workspace: 8
2025-05-30 13:07:37 - Arguments: E
2025-05-30 13:07:37 - Focused Workspace: 8
2025-05-30 13:07:37 - Focused Workspace: 8
2025-05-30 13:07:37 - Arguments: D
2025-05-30 13:07:37 - Focused Workspace: 8
2025-05-30 13:07:37 - Name: space.6
2025-05-30 13:07:37 - Name: space.1
2025-05-30 13:07:37 - Arguments: I
2025-05-30 13:07:37 - Focused Workspace: 8
2025-05-30 13:07:37 - Name: space.10
2025-05-30 13:07:37 - Focused Workspace: 8
2025-05-30 13:07:37 - Arguments: P
2025-05-30 13:07:37 - Arguments: T
2025-05-30 13:07:37 - Name: space.7
2025-05-30 13:07:37 - Name: space.C
2025-05-30 13:07:37 - Name: space.4
2025-05-30 13:07:37 - Arguments: F
2025-05-30 13:07:37 - Arguments: Q
2025-05-30 13:07:37 - Name: space.B
2025-05-30 13:07:37 - Arguments: O
2025-05-30 13:07:37 - Focused Workspace: 8
2025-05-30 13:07:37 - Name: space.3
2025-05-30 13:07:37 - Arguments: G
2025-05-30 13:07:37 - Name: space.9
2025-05-30 13:07:37 - Arguments: N
2025-05-30 13:07:37 - Name: space.A
2025-05-30 13:07:37 - Arguments: Z
2025-05-30 13:07:37 - Focused Workspace: 8
2025-05-30 13:07:37 - Arguments: W
2025-05-30 13:07:37 - Name: space.2
2025-05-30 13:07:37 - Arguments: M
2025-05-30 13:07:37 - Arguments: X
2025-05-30 13:07:37 - Arguments: V
2025-05-30 13:07:37 - Arguments: S
2025-05-30 13:07:37 - Arguments: U
2025-05-30 13:07:37 - Name: space.8
2025-05-30 13:07:37 - Focused Workspace: 8
2025-05-30 13:07:37 - Focused Workspace: 8
2025-05-30 13:07:37 - Focused Workspace: 8
2025-05-30 13:07:37 - Arguments: R
2025-05-30 13:07:37 - Focused Workspace: 8
2025-05-30 13:07:37 - Focused Workspace: 8
2025-05-30 13:07:37 - Focused Workspace: 8
2025-05-30 13:07:37 - Name: space.5
2025-05-30 13:07:37 - Name: space.D
2025-05-30 13:07:37 - Focused Workspace: 8
2025-05-30 13:07:37 - Arguments: Y
2025-05-30 13:07:37 - Focused Workspace: 8
2025-05-30 13:07:37 - Focused Workspace: 8
2025-05-30 13:07:37 - Focused Workspace: 8
2025-05-30 13:07:37 - Focused Workspace: 8
2025-05-30 13:07:37 - Focused Workspace: 8
2025-05-30 13:07:37 - Focused Workspace: 8
2025-05-30 13:07:37 - Name: space.E
2025-05-30 13:07:37 - Focused Workspace: 8
2025-05-30 13:07:37 - Name: space.T
2025-05-30 13:07:37 - Name: space.P
2025-05-30 13:07:37 - Name: space.F
2025-05-30 13:07:37 - Name: space.I
2025-05-30 13:07:37 - Focused Workspace: 8
2025-05-30 13:07:37 - Name: space.Q
2025-05-30 13:07:37 - Name: space.N
2025-05-30 13:07:37 - Focused Workspace: 8
2025-05-30 13:07:37 - Focused Workspace: 8
2025-05-30 13:07:37 - Name: space.X
2025-05-30 13:07:37 - Name: space.V
2025-05-30 13:07:37 - Name: space.G
2025-05-30 13:07:37 - Name: space.S
2025-05-30 13:07:37 - Name: space.W
2025-05-30 13:07:37 - Name: space.M
2025-05-30 13:07:37 - Name: space.O
2025-05-30 13:07:37 - Name: space.Z
2025-05-30 13:07:37 - Name: space.R
2025-05-30 13:07:37 - Name: space.Y
2025-05-30 13:07:37 - Name: space.U
2025-05-30 13:07:37 - Arguments: 3
2025-05-30 13:07:37 - Arguments: 2
2025-05-30 13:07:37 - Arguments: 5
2025-05-30 13:07:37 - Arguments: 6
2025-05-30 13:07:37 - Arguments: A
2025-05-30 13:07:37 - Arguments: 10
2025-05-30 13:07:37 - Arguments: 1
2025-05-30 13:07:37 - Arguments: 8
2025-05-30 13:07:37 - Arguments: 7
2025-05-30 13:07:37 - Arguments: 4
2025-05-30 13:07:37 - Focused Workspace: 9
2025-05-30 13:07:37 - Arguments: E
2025-05-30 13:07:37 - Focused Workspace: 9
2025-05-30 13:07:37 - Focused Workspace: 9
2025-05-30 13:07:37 - Arguments: B
2025-05-30 13:07:37 - Focused Workspace: 9
2025-05-30 13:07:37 - Arguments: 9
2025-05-30 13:07:37 - Arguments: C
2025-05-30 13:07:37 - Focused Workspace: 9
2025-05-30 13:07:37 - Focused Workspace: 9
2025-05-30 13:07:37 - Arguments: G
2025-05-30 13:07:37 - Name: space.3
2025-05-30 13:07:37 - Name: space.5
2025-05-30 13:07:37 - Name: space.2
2025-05-30 13:07:37 - Arguments: F
2025-05-30 13:07:37 - Name: space.6
2025-05-30 13:07:37 - Focused Workspace: 9
2025-05-30 13:07:37 - Focused Workspace: 9
2025-05-30 13:07:37 - Focused Workspace: 9
2025-05-30 13:07:37 - Focused Workspace: 9
2025-05-30 13:07:37 - Focused Workspace: 9
2025-05-30 13:07:37 - Focused Workspace: 9
2025-05-30 13:07:37 - Arguments: O
2025-05-30 13:07:37 - Arguments: I
2025-05-30 13:07:37 - Arguments: S
2025-05-30 13:07:37 - Arguments: D
2025-05-30 13:07:37 - Name: space.A
2025-05-30 13:07:37 - Focused Workspace: 9
2025-05-30 13:07:37 - Focused Workspace: 9
2025-05-30 13:07:37 - Arguments: N
2025-05-30 13:07:37 - Arguments: P
2025-05-30 13:07:37 - Focused Workspace: 9
2025-05-30 13:07:37 - Arguments: M
2025-05-30 13:07:37 - Name: space.4
2025-05-30 13:07:37 - Name: space.1
2025-05-30 13:07:37 - Arguments: V
2025-05-30 13:07:37 - Focused Workspace: 9
2025-05-30 13:07:37 - Name: space.10
2025-05-30 13:07:37 - Focused Workspace: 9
2025-05-30 13:07:37 - Name: space.8
2025-05-30 13:07:37 - Name: space.C
2025-05-30 13:07:37 - Arguments: Y
2025-05-30 13:07:37 - Arguments: U
2025-05-30 13:07:37 - Focused Workspace: 9
2025-05-30 13:07:37 - Name: space.9
2025-05-30 13:07:37 - Arguments: R
2025-05-30 13:07:37 - Focused Workspace: 9
2025-05-30 13:07:37 - Arguments: T
2025-05-30 13:07:37 - Focused Workspace: 9
2025-05-30 13:07:37 - Focused Workspace: 9
2025-05-30 13:07:37 - Name: space.E
2025-05-30 13:07:37 - Name: space.7
2025-05-30 13:07:37 - Focused Workspace: 9
2025-05-30 13:07:37 - Arguments: X
2025-05-30 13:07:37 - Focused Workspace: 9
2025-05-30 13:07:37 - Name: space.G
2025-05-30 13:07:37 - Arguments: Q
2025-05-30 13:07:37 - Focused Workspace: 9
2025-05-30 13:07:37 - Name: space.I
2025-05-30 13:07:37 - Focused Workspace: 9
2025-05-30 13:07:37 - Name: space.S
2025-05-30 13:07:37 - Arguments: Z
2025-05-30 13:07:37 - Focused Workspace: 9
2025-05-30 13:07:37 - Focused Workspace: 9
2025-05-30 13:07:37 - Name: space.O
2025-05-30 13:07:37 - Name: space.B
2025-05-30 13:07:37 - Name: space.P
2025-05-30 13:07:37 - Name: space.D
2025-05-30 13:07:37 - Arguments: W
2025-05-30 13:07:37 - Name: space.F
2025-05-30 13:07:37 - Focused Workspace: 9
2025-05-30 13:07:37 - Focused Workspace: 9
2025-05-30 13:07:37 - Name: space.N
2025-05-30 13:07:37 - Focused Workspace: 9
2025-05-30 13:07:37 - Name: space.U
2025-05-30 13:07:37 - Focused Workspace: 9
2025-05-30 13:07:37 - Name: space.M
2025-05-30 13:07:37 - Focused Workspace: 9
2025-05-30 13:07:37 - Name: space.T
2025-05-30 13:07:37 - Name: space.Y
2025-05-30 13:07:37 - Name: space.R
2025-05-30 13:07:37 - Name: space.V
2025-05-30 13:07:37 - Name: space.Q
2025-05-30 13:07:37 - Name: space.X
2025-05-30 13:07:37 - Name: space.W
2025-05-30 13:07:37 - Name: space.Z
2025-05-30 13:07:41 - Arguments: 1
2025-05-30 13:07:41 - Arguments: 5
2025-05-30 13:07:41 - Arguments: 3
2025-05-30 13:07:41 - Arguments: 9
2025-05-30 13:07:41 - Arguments: 8
2025-05-30 13:07:41 - Arguments: 7
2025-05-30 13:07:41 - Arguments: C
2025-05-30 13:07:41 - Arguments: 10
2025-05-30 13:07:41 - Arguments: A
2025-05-30 13:07:41 - Arguments: 4
2025-05-30 13:07:41 - Arguments: 6
2025-05-30 13:07:41 - Arguments: 2
2025-05-30 13:07:41 - Arguments: B
2025-05-30 13:07:41 - Focused Workspace: 1
2025-05-30 13:07:41 - Focused Workspace: 1
2025-05-30 13:07:41 - Arguments: Q
2025-05-30 13:07:41 - Focused Workspace: 1
2025-05-30 13:07:41 - Arguments: G
2025-05-30 13:07:41 - Focused Workspace: 1
2025-05-30 13:07:41 - Focused Workspace: 1
2025-05-30 13:07:41 - Focused Workspace: 1
2025-05-30 13:07:41 - Focused Workspace: 1
2025-05-30 13:07:41 - Focused Workspace: 1
2025-05-30 13:07:41 - Focused Workspace: 1
2025-05-30 13:07:41 - Arguments: M
2025-05-30 13:07:41 - Arguments: N
2025-05-30 13:07:41 - Focused Workspace: 1
2025-05-30 13:07:41 - Arguments: I
2025-05-30 13:07:41 - Arguments: R
2025-05-30 13:07:41 - Name: space.8
2025-05-30 13:07:41 - Arguments: S
2025-05-30 13:07:41 - Focused Workspace: 1
2025-05-30 13:07:41 - Focused Workspace: 1
2025-05-30 13:07:41 - Arguments: F
2025-05-30 13:07:41 - Focused Workspace: 1
2025-05-30 13:07:41 - Arguments: E
2025-05-30 13:07:41 - Arguments: U
2025-05-30 13:07:41 - Name: space.A
2025-05-30 13:07:41 - Name: space.1
2025-05-30 13:07:41 - Name: space.5
2025-05-30 13:07:41 - Arguments: P
2025-05-30 13:07:41 - Focused Workspace: 1
2025-05-30 13:07:41 - Name: space.3
2025-05-30 13:07:41 - Name: space.C
2025-05-30 13:07:41 - Name: space.2
2025-05-30 13:07:41 - Focused Workspace: 1
2025-05-30 13:07:41 - Arguments: V
2025-05-30 13:07:41 - Arguments: Z
2025-05-30 13:07:41 - Name: space.9
2025-05-30 13:07:41 - Arguments: O
2025-05-30 13:07:41 - Arguments: Y
2025-05-30 13:07:41 - Focused Workspace: 1
2025-05-30 13:07:41 - Focused Workspace: 1
2025-05-30 13:07:41 - Focused Workspace: 1
2025-05-30 13:07:41 - Arguments: X
2025-05-30 13:07:41 - Name: space.10
2025-05-30 13:07:41 - Focused Workspace: 1
2025-05-30 13:07:41 - Focused Workspace: 1
2025-05-30 13:07:41 - Arguments: D
2025-05-30 13:07:41 - Focused Workspace: 1
2025-05-30 13:07:41 - Name: space.7
2025-05-30 13:07:41 - Name: space.4
2025-05-30 13:07:41 - Name: space.I
2025-05-30 13:07:41 - Focused Workspace: 1
2025-05-30 13:07:41 - Arguments: W
2025-05-30 13:07:41 - Arguments: T
2025-05-30 13:07:41 - Name: space.B
2025-05-30 13:07:41 - Focused Workspace: 1
2025-05-30 13:07:41 - Name: space.6
2025-05-30 13:07:41 - Focused Workspace: 1
2025-05-30 13:07:41 - Focused Workspace: 1
2025-05-30 13:07:41 - Focused Workspace: 1
2025-05-30 13:07:41 - Focused Workspace: 1
2025-05-30 13:07:41 - Name: space.M
2025-05-30 13:07:41 - Name: space.E
2025-05-30 13:07:41 - Name: space.G
2025-05-30 13:07:41 - Name: space.Q
2025-05-30 13:07:41 - Focused Workspace: 1
2025-05-30 13:07:41 - Name: space.U
2025-05-30 13:07:41 - Focused Workspace: 1
2025-05-30 13:07:41 - Focused Workspace: 1
2025-05-30 13:07:41 - Focused Workspace: 1
2025-05-30 13:07:41 - Name: space.S
2025-05-30 13:07:41 - Focused Workspace: 1
2025-05-30 13:07:41 - Name: space.F
2025-05-30 13:07:41 - Name: space.R
2025-05-30 13:07:41 - Name: space.N
2025-05-30 13:07:41 - Name: space.X
2025-05-30 13:07:41 - Name: space.V
2025-05-30 13:07:41 - Name: space.P
2025-05-30 13:07:41 - Name: space.T
2025-05-30 13:07:41 - Name: space.W
2025-05-30 13:07:41 - Name: space.Y
2025-05-30 13:07:41 - Name: space.D
2025-05-30 13:07:41 - Name: space.Z
2025-05-30 13:07:41 - Name: space.O
2025-05-30 13:07:45 - Arguments: 3
2025-05-30 13:07:45 - Arguments: 1
2025-05-30 13:07:45 - Arguments: 6
2025-05-30 13:07:45 - Arguments: 7
2025-05-30 13:07:45 - Arguments: 5
2025-05-30 13:07:45 - Arguments: 4
2025-05-30 13:07:45 - Arguments: 8
2025-05-30 13:07:45 - Arguments: 2
2025-05-30 13:07:45 - Arguments: 10
2025-05-30 13:07:45 - Arguments: A
2025-05-30 13:07:45 - Focused Workspace: 2
2025-05-30 13:07:45 - Focused Workspace: 2
2025-05-30 13:07:45 - Focused Workspace: 2
2025-05-30 13:07:45 - Focused Workspace: 2
2025-05-30 13:07:45 - Arguments: B
2025-05-30 13:07:45 - Arguments: 9
2025-05-30 13:07:45 - Arguments: D
2025-05-30 13:07:45 - Arguments: E
2025-05-30 13:07:45 - Arguments: I
2025-05-30 13:07:45 - Arguments: G
2025-05-30 13:07:45 - Focused Workspace: 2
2025-05-30 13:07:45 - Focused Workspace: 2
2025-05-30 13:07:45 - Arguments: F
2025-05-30 13:07:45 - Name: space.6
2025-05-30 13:07:45 - Focused Workspace: 2
2025-05-30 13:07:45 - Name: space.7
2025-05-30 13:07:45 - Arguments: C
2025-05-30 13:07:45 - Arguments: O
2025-05-30 13:07:45 - Focused Workspace: 2
2025-05-30 13:07:45 - Focused Workspace: 2
2025-05-30 13:07:45 - Focused Workspace: 2
2025-05-30 13:07:45 - Focused Workspace: 2
2025-05-30 13:07:45 - Name: space.3
2025-05-30 13:07:45 - Focused Workspace: 2
2025-05-30 13:07:45 - Arguments: M
2025-05-30 13:07:45 - Name: space.5
2025-05-30 13:07:45 - Focused Workspace: 2
2025-05-30 13:07:45 - Focused Workspace: 2
2025-05-30 13:07:45 - Arguments: N
2025-05-30 13:07:45 - Name: space.8
2025-05-30 13:07:45 - Focused Workspace: 2
2025-05-30 13:07:45 - Name: space.A
2025-05-30 13:07:45 - Arguments: P
2025-05-30 13:07:45 - Name: space.9
2025-05-30 13:07:45 - Focused Workspace: 2
2025-05-30 13:07:45 - Focused Workspace: 2
2025-05-30 13:07:45 - Name: space.4
2025-05-30 13:07:45 - Name: space.O
2025-05-30 13:07:45 - Name: space.B
2025-05-30 13:07:45 - Name: space.2
2025-05-30 13:07:45 - Arguments: Q
2025-05-30 13:07:45 - Name: space.I
2025-05-30 13:07:45 - Focused Workspace: 2
2025-05-30 13:07:45 - Arguments: V
2025-05-30 13:07:45 - Arguments: R
2025-05-30 13:07:45 - Name: space.G
2025-05-30 13:07:45 - Arguments: U
2025-05-30 13:07:45 - Name: space.10
2025-05-30 13:07:45 - Focused Workspace: 2
2025-05-30 13:07:45 - Focused Workspace: 2
2025-05-30 13:07:45 - Name: space.C
2025-05-30 13:07:45 - Focused Workspace: 2
2025-05-30 13:07:45 - Focused Workspace: 2
2025-05-30 13:07:45 - Focused Workspace: 2
2025-05-30 13:07:45 - Focused Workspace: 2
2025-05-30 13:07:45 - Arguments: Z
2025-05-30 13:07:45 - Arguments: W
2025-05-30 13:07:45 - Name: space.P
2025-05-30 13:07:45 - Name: space.E
2025-05-30 13:07:45 - Name: space.N
2025-05-30 13:07:45 - Name: space.D
2025-05-30 13:07:45 - Focused Workspace: 2
2025-05-30 13:07:45 - Focused Workspace: 2
2025-05-30 13:07:45 - Name: space.V
2025-05-30 13:07:45 - Arguments: Y
2025-05-30 13:07:45 - Arguments: T
2025-05-30 13:07:45 - Name: space.1
2025-05-30 13:07:45 - Name: space.F
2025-05-30 13:07:45 - Name: space.M
2025-05-30 13:07:45 - Focused Workspace: 2
2025-05-30 13:07:45 - Focused Workspace: 2
2025-05-30 13:07:45 - Name: space.U
2025-05-30 13:07:45 - Name: space.Q
2025-05-30 13:07:45 - Name: space.R
2025-05-30 13:07:45 - Arguments: S
2025-05-30 13:07:45 - Focused Workspace: 2
2025-05-30 13:07:45 - Focused Workspace: 2
2025-05-30 13:07:45 - Name: space.W
2025-05-30 13:07:45 - Name: space.Z
2025-05-30 13:07:45 - Arguments: X
2025-05-30 13:07:45 - Focused Workspace: 2
2025-05-30 13:07:45 - Name: space.Y
2025-05-30 13:07:45 - Name: space.T
2025-05-30 13:07:45 - Focused Workspace: 2
2025-05-30 13:07:45 - Name: space.S
2025-05-30 13:07:45 - Name: space.X
2025-05-30 13:07:46 - Arguments: 1
2025-05-30 13:07:46 - Arguments: 6
2025-05-30 13:07:46 - Arguments: 5
2025-05-30 13:07:46 - Arguments: 4
2025-05-30 13:07:46 - Arguments: 3
2025-05-30 13:07:46 - Arguments: 9
2025-05-30 13:07:46 - Arguments: 7
2025-05-30 13:07:46 - Focused Workspace: 1
2025-05-30 13:07:46 - Arguments: 2
2025-05-30 13:07:46 - Arguments: 8
2025-05-30 13:07:46 - Focused Workspace: 1
2025-05-30 13:07:46 - Focused Workspace: 1
2025-05-30 13:07:46 - Arguments: E
2025-05-30 13:07:46 - Arguments: D
2025-05-30 13:07:46 - Arguments: F
2025-05-30 13:07:46 - Focused Workspace: 1
2025-05-30 13:07:46 - Arguments: 10
2025-05-30 13:07:46 - Arguments: I
2025-05-30 13:07:46 - Focused Workspace: 1
2025-05-30 13:07:46 - Name: space.1
2025-05-30 13:07:46 - Name: space.4
2025-05-30 13:07:46 - Name: space.6
2025-05-30 13:07:46 - Focused Workspace: 1
2025-05-30 13:07:46 - Arguments: G
2025-05-30 13:07:46 - Arguments: C
2025-05-30 13:07:46 - Arguments: M
2025-05-30 13:07:46 - Arguments: Q
2025-05-30 13:07:46 - Focused Workspace: 1
2025-05-30 13:07:46 - Focused Workspace: 1
2025-05-30 13:07:46 - Arguments: B
2025-05-30 13:07:46 - Arguments: N
2025-05-30 13:07:46 - Focused Workspace: 1
2025-05-30 13:07:46 - Arguments: O
2025-05-30 13:07:46 - Focused Workspace: 1
2025-05-30 13:07:46 - Arguments: U
2025-05-30 13:07:46 - Name: space.5
2025-05-30 13:07:46 - Focused Workspace: 1
2025-05-30 13:07:46 - Name: space.9
2025-05-30 13:07:46 - Focused Workspace: 1
2025-05-30 13:07:46 - Focused Workspace: 1
2025-05-30 13:07:46 - Focused Workspace: 1
2025-05-30 13:07:46 - Name: space.G
2025-05-30 13:07:46 - Focused Workspace: 1
2025-05-30 13:07:46 - Focused Workspace: 1
2025-05-30 13:07:46 - Name: space.2
2025-05-30 13:07:46 - Arguments: S
2025-05-30 13:07:46 - Name: space.F
2025-05-30 13:07:46 - Arguments: A
2025-05-30 13:07:46 - Focused Workspace: 1
2025-05-30 13:07:46 - Focused Workspace: 1
2025-05-30 13:07:46 - Focused Workspace: 1
2025-05-30 13:07:46 - Name: space.10
2025-05-30 13:07:46 - Name: space.O
2025-05-30 13:07:46 - Focused Workspace: 1
2025-05-30 13:07:46 - Arguments: P
2025-05-30 13:07:46 - Name: space.C
2025-05-30 13:07:46 - Name: space.M
2025-05-30 13:07:46 - Name: space.7
2025-05-30 13:07:46 - Arguments: W
2025-05-30 13:07:46 - Name: space.U
2025-05-30 13:07:46 - Focused Workspace: 1
2025-05-30 13:07:46 - Arguments: Y
2025-05-30 13:07:46 - Name: space.I
2025-05-30 13:07:46 - Arguments: V
2025-05-30 13:07:46 - Name: space.8
2025-05-30 13:07:46 - Focused Workspace: 1
2025-05-30 13:07:46 - Arguments: R
2025-05-30 13:07:46 - Arguments: T
2025-05-30 13:07:46 - Focused Workspace: 1
2025-05-30 13:07:46 - Focused Workspace: 1
2025-05-30 13:07:46 - Name: space.3
2025-05-30 13:07:46 - Focused Workspace: 1
2025-05-30 13:07:46 - Name: space.E
2025-05-30 13:07:46 - Focused Workspace: 1
2025-05-30 13:07:46 - Name: space.N
2025-05-30 13:07:46 - Name: space.B
2025-05-30 13:07:46 - Focused Workspace: 1
2025-05-30 13:07:46 - Focused Workspace: 1
2025-05-30 13:07:46 - Name: space.D
2025-05-30 13:07:46 - Name: space.A
2025-05-30 13:07:46 - Name: space.S
2025-05-30 13:07:46 - Focused Workspace: 1
2025-05-30 13:07:46 - Name: space.Q
2025-05-30 13:07:46 - Name: space.Y
2025-05-30 13:07:46 - Focused Workspace: 1
2025-05-30 13:07:46 - Arguments: X
2025-05-30 13:07:46 - Name: space.W
2025-05-30 13:07:46 - Name: space.T
2025-05-30 13:07:46 - Name: space.R
2025-05-30 13:07:46 - Name: space.V
2025-05-30 13:07:46 - Name: space.P
2025-05-30 13:07:46 - Focused Workspace: 1
2025-05-30 13:07:46 - Arguments: Z
2025-05-30 13:07:46 - Name: space.X
2025-05-30 13:07:46 - Focused Workspace: 1
2025-05-30 13:07:46 - Name: space.Z
2025-05-30 13:07:48 - Arguments: 1
2025-05-30 13:07:48 - Arguments: 2
2025-05-30 13:07:48 - Arguments: 3
2025-05-30 13:07:48 - Arguments: 5
2025-05-30 13:07:48 - Focused Workspace: T
2025-05-30 13:07:48 - Arguments: 4
2025-05-30 13:07:48 - Arguments: A
2025-05-30 13:07:48 - Focused Workspace: T
2025-05-30 13:07:48 - Arguments: 7
2025-05-30 13:07:48 - Focused Workspace: T
2025-05-30 13:07:48 - Arguments: N
2025-05-30 13:07:48 - Arguments: 6
2025-05-30 13:07:48 - Focused Workspace: T
2025-05-30 13:07:48 - Arguments: 9
2025-05-30 13:07:48 - Name: space.2
2025-05-30 13:07:48 - Focused Workspace: T
2025-05-30 13:07:48 - Arguments: E
2025-05-30 13:07:48 - Arguments: 8
2025-05-30 13:07:48 - Focused Workspace: T
2025-05-30 13:07:48 - Arguments: C
2025-05-30 13:07:48 - Arguments: B
2025-05-30 13:07:48 - Arguments: 10
2025-05-30 13:07:48 - Focused Workspace: T
2025-05-30 13:07:48 - Arguments: O
2025-05-30 13:07:48 - Name: space.A
2025-05-30 13:07:48 - Focused Workspace: T
2025-05-30 13:07:48 - Focused Workspace: T
2025-05-30 13:07:48 - Arguments: F
2025-05-30 13:07:48 - Name: space.1
2025-05-30 13:07:48 - Focused Workspace: T
2025-05-30 13:07:48 - Focused Workspace: T
2025-05-30 13:07:48 - Arguments: M
2025-05-30 13:07:48 - Arguments: D
2025-05-30 13:07:48 - Focused Workspace: T
2025-05-30 13:07:48 - Focused Workspace: T
2025-05-30 13:07:48 - Name: space.7
2025-05-30 13:07:48 - Name: space.3
2025-05-30 13:07:48 - Focused Workspace: T
2025-05-30 13:07:48 - Name: space.4
2025-05-30 13:07:48 - Arguments: I
2025-05-30 13:07:48 - Name: space.5
2025-05-30 13:07:48 - Focused Workspace: T
2025-05-30 13:07:48 - Arguments: Q
2025-05-30 13:07:48 - Arguments: G
2025-05-30 13:07:48 - Arguments: P
2025-05-30 13:07:48 - Arguments: R
2025-05-30 13:07:48 - Focused Workspace: T
2025-05-30 13:07:48 - Arguments: S
2025-05-30 13:07:48 - Focused Workspace: T
2025-05-30 13:07:48 - Arguments: V
2025-05-30 13:07:48 - Arguments: W
2025-05-30 13:07:48 - Arguments: X
2025-05-30 13:07:48 - Arguments: T
2025-05-30 13:07:48 - Arguments: Y
2025-05-30 13:07:48 - Focused Workspace: T
2025-05-30 13:07:48 - Name: space.E
2025-05-30 13:07:48 - Name: space.C
2025-05-30 13:07:48 - Focused Workspace: T
2025-05-30 13:07:48 - Focused Workspace: T
2025-05-30 13:07:48 - Arguments: Z
2025-05-30 13:07:48 - Name: space.10
2025-05-30 13:07:48 - Name: space.8
2025-05-30 13:07:48 - Arguments: U
2025-05-30 13:07:48 - Name: space.B
2025-05-30 13:07:48 - Focused Workspace: T
2025-05-30 13:07:48 - Focused Workspace: T
2025-05-30 13:07:48 - Name: space.6
2025-05-30 13:07:48 - Name: space.N
2025-05-30 13:07:48 - Focused Workspace: T
2025-05-30 13:07:48 - Focused Workspace: T
2025-05-30 13:07:48 - Name: space.Q
2025-05-30 13:07:48 - Name: space.9
2025-05-30 13:07:48 - Focused Workspace: T
2025-05-30 13:07:48 - Name: space.F
2025-05-30 13:07:48 - Focused Workspace: T
2025-05-30 13:07:48 - Name: space.O
2025-05-30 13:07:48 - Focused Workspace: T
2025-05-30 13:07:48 - Focused Workspace: T
2025-05-30 13:07:48 - Name: space.D
2025-05-30 13:07:48 - Focused Workspace: T
2025-05-30 13:07:48 - Focused Workspace: T
2025-05-30 13:07:48 - Focused Workspace: T
2025-05-30 13:07:48 - Name: space.S
2025-05-30 13:07:48 - Name: space.I
2025-05-30 13:07:48 - Name: space.R
2025-05-30 13:07:48 - Focused Workspace: T
2025-05-30 13:07:48 - Name: space.M
2025-05-30 13:07:48 - Name: space.P
2025-05-30 13:07:48 - Name: space.G
2025-05-30 13:07:48 - Name: space.X
2025-05-30 13:07:48 - Name: space.W
2025-05-30 13:07:48 - Name: space.U
2025-05-30 13:07:48 - Name: space.Y
2025-05-30 13:07:48 - Name: space.Z
2025-05-30 13:07:48 - Name: space.V
2025-05-30 13:07:48 - Name: space.T
